Build started 3/13/2017 2:38:48 AM.
     1>Project "C:\Users\Cole\Documents\PersonalProjects\OpenGLPractice\OpenGLPractice\include\glfw-3.2.1\bin\examples\heightmap.vcxproj" on node 9 (Build target(s)).
     1>CustomBuild:
         Building Custom Rule C:/Users/Cole/Documents/PersonalProjects/OpenGLPractice/OpenGLPractice/include/glfw-3.2.1/examples/CMakeLists.txt
         CMake does not need to re-run because C:\Users\Cole\Documents\PersonalProjects\OpenGLPractice\OpenGLPractice\include\glfw-3.2.1\bin\examples\CMakeFiles\generate.stamp is up-to-date.
       ClCompile:
         C:\Program Files (x86)\Microsoft Visual Studio 14.0\VC\bin\CL.exe /c /I"C:\Users\Cole\Documents\PersonalProjects\OpenGLPractice\OpenGLPractice\include\glfw-3.2.1\deps" /I"C:\Users\Cole\Documents\PersonalProjects\OpenGLPractice\OpenGLPractice\include\glfw-3.2.1\include" /Zi /nologo /W3 /WX- /Od /Ob0 /Oy- /D WIN32 /D _WINDOWS /D _DEBUG /D _CRT_SECURE_NO_WARNINGS /D "CMAKE_INTDIR=\"Debug\"" /D _MBCS /Gm- /RTC1 /MDd /GS /fp:precise /Zc:wchar_t /Zc:forScope /Zc:inline /Fo"heightmap.dir\Debug\\" /Fd"heightmap.dir\Debug\vc140.pdb" /Gd /TC /analyze- /errorReport:prompt "C:\Users\Cole\Documents\PersonalProjects\OpenGLPractice\OpenGLPractice\include\glfw-3.2.1\examples\heightmap.c" "C:\Users\Cole\Documents\PersonalProjects\OpenGLPractice\OpenGLPractice\include\glfw-3.2.1\deps\glad.c"
         heightmap.c
         glad.c
         Generating Code...
       ResourceCompile:
         C:\Program Files (x86)\Windows Kits\8.1\bin\x86\rc.exe /D WIN32 /D _WINDOWS /D _DEBUG /D _CRT_SECURE_NO_WARNINGS /D "CMAKE_INTDIR=\\\"Debug\\\"" /l"0x0409" /I"C:\Users\Cole\Documents\PersonalProjects\OpenGLPractice\OpenGLPractice\include\glfw-3.2.1\deps" /I"C:\Users\Cole\Documents\PersonalProjects\OpenGLPractice\OpenGLPractice\include\glfw-3.2.1\include" /nologo /fo"heightmap.dir\Debug\glfw.res" C:\Users\Cole\Documents\PersonalProjects\OpenGLPractice\OpenGLPractice\include\glfw-3.2.1\examples\glfw.rc 
       Link:
         C:\Program Files (x86)\Microsoft Visual Studio 14.0\VC\bin\link.exe /ERRORREPORT:PROMPT /OUT:"C:\Users\Cole\Documents\PersonalProjects\OpenGLPractice\OpenGLPractice\include\glfw-3.2.1\bin\examples\Debug\heightmap.exe" /INCREMENTAL /NOLOGO kernel32.lib user32.lib gdi32.lib winspool.lib shell32.lib ole32.lib oleaut32.lib uuid.lib comdlg32.lib advapi32.lib ..\src\Debug\glfw3.lib /MANIFEST /MANIFESTUAC:"level='asInvoker' uiAccess='false'" /manifest:embed /DEBUG /PDB:"C:/Users/Cole/Documents/PersonalProjects/OpenGLPractice/OpenGLPractice/include/glfw-3.2.1/bin/examples/Debug/heightmap.pdb" /SUBSYSTEM:WINDOWS /TLBID:1 /ENTRY:"mainCRTStartup" /DYNAMICBASE /NXCOMPAT /IMPLIB:"C:/Users/Cole/Documents/PersonalProjects/OpenGLPractice/OpenGLPractice/include/glfw-3.2.1/bin/examples/Debug/heightmap.lib" /MACHINE:X86 /SAFESEH  /machine:X86 heightmap.dir\Debug\glfw.res
         heightmap.dir\Debug\heightmap.obj
         heightmap.dir\Debug\glad.obj
         heightmap.vcxproj -> C:\Users\Cole\Documents\PersonalProjects\OpenGLPractice\OpenGLPractice\include\glfw-3.2.1\bin\examples\Debug\heightmap.exe
     1>Done Building Project "C:\Users\Cole\Documents\PersonalProjects\OpenGLPractice\OpenGLPractice\include\glfw-3.2.1\bin\examples\heightmap.vcxproj" (Build target(s)).

Build succeeded.

Time Elapsed 00:00:01.48
