Build started 3/13/2017 2:38:43 AM.
     1>Project "C:\Users\Cole\Documents\PersonalProjects\OpenGLPractice\OpenGLPractice\include\glfw-3.2.1\bin\src\glfw.vcxproj" on node 2 (Build target(s)).
     1>CustomBuild:
         Building Custom Rule C:/Users/Cole/Documents/PersonalProjects/OpenGLPractice/OpenGLPractice/include/glfw-3.2.1/src/CMakeLists.txt
         CMake does not need to re-run because C:\Users\Cole\Documents\PersonalProjects\OpenGLPractice\OpenGLPractice\include\glfw-3.2.1\bin\src\CMakeFiles\generate.stamp is up-to-date.
       ClCompile:
         C:\Program Files (x86)\Microsoft Visual Studio 14.0\VC\bin\CL.exe /c /I"C:\Users\Cole\Documents\PersonalProjects\OpenGLPractice\OpenGLPractice\include\glfw-3.2.1\include" /I"C:\Users\Cole\Documents\PersonalProjects\OpenGLPractice\OpenGLPractice\include\glfw-3.2.1\src" /I"C:\Users\Cole\Documents\PersonalProjects\OpenGLPractice\OpenGLPractice\include\glfw-3.2.1\bin\src" /Zi /nologo /W3 /WX- /Od /Ob0 /Oy- /D WIN32 /D _WINDOWS /D _DEBUG /D _GLFW_USE_CONFIG_H /D _CRT_SECURE_NO_WARNINGS /D "CMAKE_INTDIR=\"Debug\"" /D _MBCS /Gm- /RTC1 /MDd /GS /fp:precise /Zc:wchar_t /Zc:forScope /Zc:inline /Fo"glfw.dir\Debug\\" /Fd"glfw.dir\Debug\glfw.pdb" /Gd /TC /analyze- /errorReport:prompt "C:\Users\Cole\Documents\PersonalProjects\OpenGLPractice\OpenGLPractice\include\glfw-3.2.1\src\context.c" "C:\Users\Cole\Documents\PersonalProjects\OpenGLPractice\OpenGLPractice\include\glfw-3.2.1\src\init.c" "C:\Users\Cole\Documents\PersonalProjects\OpenGLPractice\OpenGLPractice\include\glfw-3.2.1\src\input.c" "C:\Users\Cole\Documents\PersonalProjects\OpenGLPractice\OpenGLPractice\include\glfw-3.2.1\src\monitor.c" "C:\Users\Cole\Documents\PersonalProjects\OpenGLPractice\OpenGLPractice\include\glfw-3.2.1\src\vulkan.c" "C:\Users\Cole\Documents\PersonalProjects\OpenGLPractice\OpenGLPractice\include\glfw-3.2.1\src\window.c" "C:\Users\Cole\Documents\PersonalProjects\OpenGLPractice\OpenGLPractice\include\glfw-3.2.1\src\win32_init.c" "C:\Users\Cole\Documents\PersonalProjects\OpenGLPractice\OpenGLPractice\include\glfw-3.2.1\src\win32_joystick.c" "C:\Users\Cole\Documents\PersonalProjects\OpenGLPractice\OpenGLPractice\include\glfw-3.2.1\src\win32_monitor.c" "C:\Users\Cole\Documents\PersonalProjects\OpenGLPractice\OpenGLPractice\include\glfw-3.2.1\src\win32_time.c" "C:\Users\Cole\Documents\PersonalProjects\OpenGLPractice\OpenGLPractice\include\glfw-3.2.1\src\win32_tls.c" "C:\Users\Cole\Documents\PersonalProjects\OpenGLPractice\OpenGLPractice\include\glfw-3.2.1\src\win32_window.c" "C:\Users\Cole\Documents\PersonalProjects\OpenGLPractice\OpenGLPractice\include\glfw-3.2.1\src\wgl_context.c" "C:\Users\Cole\Documents\PersonalProjects\OpenGLPractice\OpenGLPractice\include\glfw-3.2.1\src\egl_context.c"
         context.c
         init.c
         input.c
         monitor.c
         vulkan.c
         window.c
         win32_init.c
         win32_joystick.c
         win32_monitor.c
         win32_time.c
         win32_tls.c
         win32_window.c
         wgl_context.c
         egl_context.c
         Generating Code...
       Lib:
         C:\Program Files (x86)\Microsoft Visual Studio 14.0\VC\bin\Lib.exe /OUT:"C:\Users\Cole\Documents\PersonalProjects\OpenGLPractice\OpenGLPractice\include\glfw-3.2.1\bin\src\Debug\glfw3.lib" /NOLOGO  /machine:X86 glfw.dir\Debug\context.obj
         glfw.dir\Debug\init.obj
         glfw.dir\Debug\input.obj
         glfw.dir\Debug\monitor.obj
         glfw.dir\Debug\vulkan.obj
         glfw.dir\Debug\window.obj
         glfw.dir\Debug\win32_init.obj
         glfw.dir\Debug\win32_joystick.obj
         glfw.dir\Debug\win32_monitor.obj
         glfw.dir\Debug\win32_time.obj
         glfw.dir\Debug\win32_tls.obj
         glfw.dir\Debug\win32_window.obj
         glfw.dir\Debug\wgl_context.obj
         glfw.dir\Debug\egl_context.obj
         glfw.vcxproj -> C:\Users\Cole\Documents\PersonalProjects\OpenGLPractice\OpenGLPractice\include\glfw-3.2.1\bin\src\Debug\glfw3.lib
     1>Done Building Project "C:\Users\Cole\Documents\PersonalProjects\OpenGLPractice\OpenGLPractice\include\glfw-3.2.1\bin\src\glfw.vcxproj" (Build target(s)).

Build succeeded.

Time Elapsed 00:00:03.14
